{
  message: "Error send_message axios: TypeError: Cannot read property 'socketId' of undefined",
  level: 'error',
  service: 'user-service',
  timestamp: '2022-08-31T16:32:37.419Z'
}
{
  message: 'Error send_message axios: AxiosError: Request failed with status code 500',
  level: 'error',
  service: 'user-service',
  timestamp: '2022-08-31T16:38:17.924Z'
}
{
  message: 'Error send_message axios: AxiosError: Request failed with status code 500',
  level: 'error',
  service: 'user-service',
  timestamp: '2022-08-31T16:38:29.053Z'
}
{
  message: 'Error send_message axios: AxiosError: Request failed with status code 500',
  level: 'error',
  service: 'user-service',
  timestamp: '2022-08-31T16:38:58.338Z'
}
{
  message: 'Error send_message axios: AxiosError: Request failed with status code 500',
  level: 'error',
  service: 'user-service',
  timestamp: '2022-08-31T16:42:29.968Z'
}
{
  message: 'Error send_message axios: AxiosError: Request failed with status code 500',
  level: 'error',
  service: 'user-service',
  timestamp: '2022-08-31T16:46:09.857Z'
}
{
  message: 'Error Message : ReferenceError: newMessage is not defined',
  level: 'error',
  service: 'user-service',
  timestamp: '2022-11-08T16:22:03.589Z'
}
{
  message: 'Error Message : ReferenceError: newMessage is not defined',
  level: 'error',
  service: 'user-service',
  timestamp: '2022-11-08T16:22:03.592Z'
}
{
  message: 'Error Message : ReferenceError: newMessage is not defined',
  level: 'error',
  service: 'user-service',
  timestamp: '2022-11-08T16:22:03.601Z'
}
{
  message: 'Error Message : ReferenceError: newMessage is not defined',
  level: 'error',
  service: 'user-service',
  timestamp: '2022-11-08T16:22:03.612Z'
}
{
  message: 'Error Message : ReferenceError: newMessage is not defined',
  level: 'error',
  service: 'user-service',
  timestamp: '2022-11-08T16:22:03.615Z'
}
{
  message: 'Error send_message axios: ReferenceError: roomName is not defined',
  level: 'error',
  service: 'user-service',
  timestamp: '2022-11-08T16:23:01.131Z'
}
{
  message: 'Error Message : [object Object]',
  level: 'error',
  service: 'user-service',
  timestamp: '2022-11-08T16:23:01.134Z'
}
{
  message: 'Error send_message axios: ReferenceError: roomName is not defined',
  level: 'error',
  service: 'user-service',
  timestamp: '2022-11-08T16:23:01.746Z'
}
{
  message: 'Error Message : [object Object]',
  level: 'error',
  service: 'user-service',
  timestamp: '2022-11-08T16:23:01.749Z'
}
{
  message: 'Error send_message axios: ReferenceError: roomName is not defined',
  level: 'error',
  service: 'user-service',
  timestamp: '2022-11-08T16:23:01.772Z'
}
{
  message: 'Error Message : [object Object]',
  level: 'error',
  service: 'user-service',
  timestamp: '2022-11-08T16:23:01.774Z'
}
{
  message: 'Error send_message axios: ReferenceError: roomName is not defined',
  level: 'error',
  service: 'user-service',
  timestamp: '2022-11-08T16:23:01.783Z'
}
{
  message: 'Error Message : [object Object]',
  level: 'error',
  service: 'user-service',
  timestamp: '2022-11-08T16:23:01.800Z'
}
{
  message: 'Error send_message axios: ReferenceError: roomName is not defined',
  level: 'error',
  service: 'user-service',
  timestamp: '2022-11-08T16:23:01.809Z'
}
{
  message: 'Error Message : [object Object]',
  level: 'error',
  service: 'user-service',
  timestamp: '2022-11-08T16:23:01.811Z'
}
{
  message: 'Error send_message axios: ReferenceError: roomName is not defined',
  level: 'error',
  service: 'user-service',
  timestamp: '2022-11-08T16:26:55.326Z'
}
{
  message: 'Error Message : [object Object]',
  level: 'error',
  service: 'user-service',
  timestamp: '2022-11-08T16:26:55.328Z'
}
{
  message: 'Error send_message axios: ReferenceError: roomName is not defined',
  level: 'error',
  service: 'user-service',
  timestamp: '2022-11-08T16:26:55.444Z'
}
{
  message: 'Error Message : [object Object]',
  level: 'error',
  service: 'user-service',
  timestamp: '2022-11-08T16:26:55.447Z'
}
{
  message: 'Error send_message axios: ReferenceError: roomName is not defined',
  level: 'error',
  service: 'user-service',
  timestamp: '2022-11-08T16:26:55.473Z'
}
{
  message: 'Error Message : [object Object]',
  level: 'error',
  service: 'user-service',
  timestamp: '2022-11-08T16:26:55.477Z'
}
{
  message: 'Error send_message axios: ReferenceError: roomName is not defined',
  level: 'error',
  service: 'user-service',
  timestamp: '2022-11-08T16:26:55.502Z'
}
{
  message: 'Error Message : [object Object]',
  level: 'error',
  service: 'user-service',
  timestamp: '2022-11-08T16:26:55.504Z'
}
{
  message: 'Error send_message axios: ReferenceError: roomName is not defined',
  level: 'error',
  service: 'user-service',
  timestamp: '2022-11-08T16:26:56.458Z'
}
{
  message: 'Error Message : [object Object]',
  level: 'error',
  service: 'user-service',
  timestamp: '2022-11-08T16:26:56.459Z'
}
{
  message: 'Error send_message axios: ReferenceError: newMessage is not defined',
  level: 'error',
  service: 'user-service',
  timestamp: '2022-11-08T16:29:54.853Z'
}
{
  message: 'Error Message : [object Object]',
  level: 'error',
  service: 'user-service',
  timestamp: '2022-11-08T16:29:54.854Z'
}
{
  message: 'Error send_message axios: ReferenceError: newMessage is not defined',
  level: 'error',
  service: 'user-service',
  timestamp: '2022-11-08T16:29:54.977Z'
}
{
  message: 'Error Message : [object Object]',
  level: 'error',
  service: 'user-service',
  timestamp: '2022-11-08T16:29:54.981Z'
}
{
  message: 'Error send_message axios: ReferenceError: newMessage is not defined',
  level: 'error',
  service: 'user-service',
  timestamp: '2022-11-08T16:29:54.988Z'
}
{
  message: 'Error Message : [object Object]',
  level: 'error',
  service: 'user-service',
  timestamp: '2022-11-08T16:29:54.989Z'
}
{
  message: 'Error send_message axios: ReferenceError: newMessage is not defined',
  level: 'error',
  service: 'user-service',
  timestamp: '2022-11-08T16:29:55.013Z'
}
{
  message: 'Error Message : [object Object]',
  level: 'error',
  service: 'user-service',
  timestamp: '2022-11-08T16:29:55.014Z'
}
{
  message: 'Error send_message axios: ReferenceError: newMessage is not defined',
  level: 'error',
  service: 'user-service',
  timestamp: '2022-11-08T16:29:55.874Z'
}
{
  message: 'Error Message : [object Object]',
  level: 'error',
  service: 'user-service',
  timestamp: '2022-11-08T16:29:55.878Z'
}
{
  message: 'Error send_message axios: TypeError: resolve is not a function',
  level: 'error',
  service: 'user-service',
  timestamp: '2022-11-08T16:31:05.684Z'
}
{
  message: 'Error Message : [object Object]',
  level: 'error',
  service: 'user-service',
  timestamp: '2022-11-08T16:31:05.685Z'
}
{
  message: 'Error send_message axios: TypeError: resolve is not a function',
  level: 'error',
  service: 'user-service',
  timestamp: '2022-11-08T16:31:05.689Z'
}
{
  message: 'Error Message : [object Object]',
  level: 'error',
  service: 'user-service',
  timestamp: '2022-11-08T16:31:05.690Z'
}
{
  message: 'Error send_message axios: TypeError: resolve is not a function',
  level: 'error',
  service: 'user-service',
  timestamp: '2022-11-08T16:31:06.734Z'
}
{
  message: 'Error Message : [object Object]',
  level: 'error',
  service: 'user-service',
  timestamp: '2022-11-08T16:31:06.737Z'
}
{
  message: 'Error send_message axios: TypeError: resolve is not a function',
  level: 'error',
  service: 'user-service',
  timestamp: '2022-11-08T16:31:10.806Z'
}
{
  message: 'Error Message : [object Object]',
  level: 'error',
  service: 'user-service',
  timestamp: '2022-11-08T16:31:10.807Z'
}
{
  message: 'Error send_message axios: TypeError: resolve is not a function',
  level: 'error',
  service: 'user-service',
  timestamp: '2022-11-08T16:31:35.947Z'
}
{
  message: 'Error Message : [object Object]',
  level: 'error',
  service: 'user-service',
  timestamp: '2022-11-08T16:31:35.949Z'
}
{
  message: 'Error Message : ReferenceError: newMessage is not defined',
  level: 'error',
  service: 'user-service',
  timestamp: '2022-11-15T17:57:50.950Z'
}
{
  message: 'Error Message : ReferenceError: newMessage is not defined',
  level: 'error',
  service: 'user-service',
  timestamp: '2022-11-15T17:57:50.950Z'
}
{
  message: 'Error Message : ReferenceError: newMessage is not defined',
  level: 'error',
  service: 'user-service',
  timestamp: '2022-11-15T17:57:50.950Z'
}
{
  message: 'Error Message : ReferenceError: newMessage is not defined',
  level: 'error',
  service: 'user-service',
  timestamp: '2022-11-15T17:57:50.950Z'
}
{
  message: 'Error Message : ReferenceError: newMessage is not defined',
  level: 'error',
  service: 'user-service',
  timestamp: '2022-11-15T17:57:50.951Z'
}
{
  message: 'Error Message : ReferenceError: newMessage is not defined',
  level: 'error',
  service: 'user-service',
  timestamp: '2022-11-15T17:59:13.603Z'
}
{
  message: 'Error Message : ReferenceError: newMessage is not defined',
  level: 'error',
  service: 'user-service',
  timestamp: '2022-11-15T17:59:13.604Z'
}
{
  message: 'Error Message : ReferenceError: newMessage is not defined',
  level: 'error',
  service: 'user-service',
  timestamp: '2022-11-15T17:59:13.604Z'
}
{
  message: 'Error Message : ReferenceError: newMessage is not defined',
  level: 'error',
  service: 'user-service',
  timestamp: '2022-11-15T17:59:13.604Z'
}
{
  message: 'Error Message : ReferenceError: newMessage is not defined',
  level: 'error',
  service: 'user-service',
  timestamp: '2022-11-15T17:59:13.604Z'
}
{
  message: 'Error Message : ReferenceError: newMessage is not defined',
  level: 'error',
  service: 'user-service',
  timestamp: '2022-11-15T18:03:05.491Z'
}
{
  message: 'Error Message : ReferenceError: newMessage is not defined',
  level: 'error',
  service: 'user-service',
  timestamp: '2022-11-15T18:03:05.491Z'
}
{
  message: 'Error Message : ReferenceError: newMessage is not defined',
  level: 'error',
  service: 'user-service',
  timestamp: '2022-11-15T18:03:05.491Z'
}
{
  message: 'Error Message : ReferenceError: newMessage is not defined',
  level: 'error',
  service: 'user-service',
  timestamp: '2022-11-15T18:03:05.491Z'
}
{
  message: 'Error Message : ReferenceError: newMessage is not defined',
  level: 'error',
  service: 'user-service',
  timestamp: '2022-11-15T18:03:05.492Z'
}
{
  message: 'Error Message : ReferenceError: newMessage is not defined',
  level: 'error',
  service: 'user-service',
  timestamp: '2022-11-15T18:03:35.661Z'
}
{
  message: 'Error Message : ReferenceError: newMessage is not defined',
  level: 'error',
  service: 'user-service',
  timestamp: '2022-11-15T18:03:35.661Z'
}
{
  message: 'Error Message : ReferenceError: newMessage is not defined',
  level: 'error',
  service: 'user-service',
  timestamp: '2022-11-15T18:03:35.661Z'
}
{
  message: 'Error Message : ReferenceError: newMessage is not defined',
  level: 'error',
  service: 'user-service',
  timestamp: '2022-11-15T18:03:35.661Z'
}
{
  message: 'Error Message : ReferenceError: newMessage is not defined',
  level: 'error',
  service: 'user-service',
  timestamp: '2022-11-15T18:03:35.661Z'
}
{
  message: 'Error Message : ReferenceError: newMessage is not defined',
  level: 'error',
  service: 'user-service',
  timestamp: '2022-11-15T18:04:02.967Z'
}
{
  message: 'Error Message : ReferenceError: newMessage is not defined',
  level: 'error',
  service: 'user-service',
  timestamp: '2022-11-15T18:04:02.968Z'
}
{
  message: 'Error Message : ReferenceError: newMessage is not defined',
  level: 'error',
  service: 'user-service',
  timestamp: '2022-11-15T18:04:02.968Z'
}
{
  message: 'Error Message : ReferenceError: newMessage is not defined',
  level: 'error',
  service: 'user-service',
  timestamp: '2022-11-15T18:04:02.968Z'
}
{
  message: 'Error Message : ReferenceError: newMessage is not defined',
  level: 'error',
  service: 'user-service',
  timestamp: '2022-11-15T18:04:02.968Z'
}
{
  message: 'Error Message : ReferenceError: newMessage is not defined',
  level: 'error',
  service: 'user-service',
  timestamp: '2022-11-15T18:04:46.363Z'
}
{
  message: 'Error Message : ReferenceError: newMessage is not defined',
  level: 'error',
  service: 'user-service',
  timestamp: '2022-11-15T18:04:46.363Z'
}
{
  message: 'Error Message : ReferenceError: newMessage is not defined',
  level: 'error',
  service: 'user-service',
  timestamp: '2022-11-15T18:04:46.363Z'
}
{
  message: 'Error Message : ReferenceError: newMessage is not defined',
  level: 'error',
  service: 'user-service',
  timestamp: '2022-11-15T18:04:46.363Z'
}
{
  message: 'Error Message : ReferenceError: newMessage is not defined',
  level: 'error',
  service: 'user-service',
  timestamp: '2022-11-15T18:04:46.364Z'
}
{
  message: 'Error Message : ReferenceError: newMessage is not defined',
  level: 'error',
  service: 'user-service',
  timestamp: '2022-11-15T18:05:19.264Z'
}
{
  message: 'Error Message : ReferenceError: newMessage is not defined',
  level: 'error',
  service: 'user-service',
  timestamp: '2022-11-15T18:05:19.264Z'
}
{
  message: 'Error Message : ReferenceError: newMessage is not defined',
  level: 'error',
  service: 'user-service',
  timestamp: '2022-11-15T18:05:19.264Z'
}
{
  message: 'Error Message : ReferenceError: newMessage is not defined',
  level: 'error',
  service: 'user-service',
  timestamp: '2022-11-15T18:05:19.264Z'
}
{
  message: 'Error Message : ReferenceError: newMessage is not defined',
  level: 'error',
  service: 'user-service',
  timestamp: '2022-11-15T18:05:19.264Z'
}
{
  message: 'Error Message : ReferenceError: newMessage is not defined',
  level: 'error',
  service: 'user-service',
  timestamp: '2022-11-15T18:06:28.134Z'
}
{
  message: 'Error Message : ReferenceError: newMessage is not defined',
  level: 'error',
  service: 'user-service',
  timestamp: '2022-11-15T18:06:28.136Z'
}
{
  message: 'Error Message : ReferenceError: newMessage is not defined',
  level: 'error',
  service: 'user-service',
  timestamp: '2022-11-15T18:06:28.136Z'
}
{
  message: 'Error Message : ReferenceError: newMessage is not defined',
  level: 'error',
  service: 'user-service',
  timestamp: '2022-11-15T18:06:28.137Z'
}
{
  message: 'Error Message : ReferenceError: newMessage is not defined',
  level: 'error',
  service: 'user-service',
  timestamp: '2022-11-15T18:06:28.138Z'
}
{
  message: 'Error Message : ReferenceError: newMessage is not defined',
  level: 'error',
  service: 'user-service',
  timestamp: '2022-11-15T18:07:52.127Z'
}
{
  message: 'Error Message : ReferenceError: newMessage is not defined',
  level: 'error',
  service: 'user-service',
  timestamp: '2022-11-15T18:07:52.129Z'
}
{
  message: 'Error Message : ReferenceError: newMessage is not defined',
  level: 'error',
  service: 'user-service',
  timestamp: '2022-11-15T18:07:52.130Z'
}
{
  message: 'Error Message : ReferenceError: newMessage is not defined',
  level: 'error',
  service: 'user-service',
  timestamp: '2022-11-15T18:07:52.131Z'
}
{
  message: 'Error Message : ReferenceError: newMessage is not defined',
  level: 'error',
  service: 'user-service',
  timestamp: '2022-11-15T18:07:52.131Z'
}
{
  message: 'Error send_message_group axios SUBMIT_GROUP_CHAT : AxiosError: Request failed with status code 500',
  level: 'error',
  service: 'user-service',
  timestamp: '2022-11-15T18:08:16.130Z'
}
{
  message: 'Error send_message_group axios SUBMIT_GROUP_CHAT : AxiosError: Request failed with status code 500',
  level: 'error',
  service: 'user-service',
  timestamp: '2022-11-15T18:08:16.142Z'
}
{
  message: 'Error send_message_group axios SUBMIT_GROUP_CHAT : AxiosError: Request failed with status code 500',
  level: 'error',
  service: 'user-service',
  timestamp: '2022-11-15T18:08:17.146Z'
}
{
  message: 'Error send_message_group axios SUBMIT_GROUP_CHAT : AxiosError: Request failed with status code 500',
  level: 'error',
  service: 'user-service',
  timestamp: '2022-11-15T18:08:17.187Z'
}
{
  message: 'Error send_message_group axios SUBMIT_GROUP_CHAT : AxiosError: Request failed with status code 500',
  level: 'error',
  service: 'user-service',
  timestamp: '2022-11-15T18:08:17.216Z'
}
{
  message: 'Error send_message_group axios SUBMIT_GROUP_CHAT : AxiosError: Request failed with status code 500',
  level: 'error',
  service: 'user-service',
  timestamp: '2022-11-15T18:09:32.730Z'
}
{
  message: 'Error send_message_group axios SUBMIT_GROUP_CHAT : AxiosError: Request failed with status code 500',
  level: 'error',
  service: 'user-service',
  timestamp: '2022-11-15T18:09:32.744Z'
}
{
  message: 'Error send_message_group axios SUBMIT_GROUP_CHAT : AxiosError: Request failed with status code 500',
  level: 'error',
  service: 'user-service',
  timestamp: '2022-11-15T18:09:33.747Z'
}
{
  message: 'Error send_message_group axios SUBMIT_GROUP_CHAT : AxiosError: Request failed with status code 500',
  level: 'error',
  service: 'user-service',
  timestamp: '2022-11-15T18:09:33.765Z'
}
{
  message: 'Error send_message_group axios SUBMIT_GROUP_CHAT : AxiosError: Request failed with status code 500',
  level: 'error',
  service: 'user-service',
  timestamp: '2022-11-15T18:09:33.803Z'
}
{
  message: 'Error send_message_group axios SUBMIT_GROUP_CHAT : AxiosError: Request failed with status code 500',
  level: 'error',
  service: 'user-service',
  timestamp: '2022-11-15T18:12:00.682Z'
}
{
  message: 'Error send_message_group axios SUBMIT_GROUP_CHAT : AxiosError: Request failed with status code 500',
  level: 'error',
  service: 'user-service',
  timestamp: '2022-11-15T18:12:00.700Z'
}
{
  message: 'Error send_message_group axios SUBMIT_GROUP_CHAT : AxiosError: Request failed with status code 500',
  level: 'error',
  service: 'user-service',
  timestamp: '2022-11-15T18:12:00.716Z'
}
{
  message: 'Error send_message_group axios SUBMIT_GROUP_CHAT : AxiosError: Request failed with status code 500',
  level: 'error',
  service: 'user-service',
  timestamp: '2022-11-15T18:12:01.688Z'
}
{
  message: 'Error send_message_group axios SUBMIT_GROUP_CHAT : AxiosError: Request failed with status code 500',
  level: 'error',
  service: 'user-service',
  timestamp: '2022-11-15T18:12:01.704Z'
}
{
  message: 'Error send_message_group axios SUBMIT_GROUP_CHAT : AxiosError: Request failed with status code 500',
  level: 'error',
  service: 'user-service',
  timestamp: '2022-11-15T18:22:13.933Z'
}
{
  message: 'Error send_message_group axios SUBMIT_GROUP_CHAT : AxiosError: Request failed with status code 500',
  level: 'error',
  service: 'user-service',
  timestamp: '2022-11-15T18:22:13.941Z'
}
{
  message: 'Error send_message_group axios SUBMIT_GROUP_CHAT : AxiosError: Request failed with status code 500',
  level: 'error',
  service: 'user-service',
  timestamp: '2022-11-15T18:22:14.976Z'
}
{
  message: 'Error send_message_group axios SUBMIT_GROUP_CHAT : AxiosError: Request failed with status code 500',
  level: 'error',
  service: 'user-service',
  timestamp: '2022-11-15T18:22:14.977Z'
}
{
  message: 'Error send_message_group axios SUBMIT_GROUP_CHAT : AxiosError: Request failed with status code 500',
  level: 'error',
  service: 'user-service',
  timestamp: '2022-11-15T18:22:14.985Z'
}
{
  message: 'Error send_message_group axios SUBMIT_GROUP_CHAT : AxiosError: Request failed with status code 500',
  level: 'error',
  service: 'user-service',
  timestamp: '2022-11-15T18:23:38.898Z'
}
{
  message: 'Error send_message_group axios SUBMIT_GROUP_CHAT : AxiosError: Request failed with status code 500',
  level: 'error',
  service: 'user-service',
  timestamp: '2022-11-15T18:23:38.901Z'
}
{
  message: 'Error send_message_group axios SUBMIT_GROUP_CHAT : AxiosError: Request failed with status code 500',
  level: 'error',
  service: 'user-service',
  timestamp: '2022-11-15T18:23:38.903Z'
}
{
  message: 'Error send_message_group axios SUBMIT_GROUP_CHAT : AxiosError: Request failed with status code 500',
  level: 'error',
  service: 'user-service',
  timestamp: '2022-11-15T18:23:38.905Z'
}
{
  message: 'Error send_message_group axios SUBMIT_GROUP_CHAT : AxiosError: Request failed with status code 500',
  level: 'error',
  service: 'user-service',
  timestamp: '2022-11-15T18:23:39.925Z'
}
{
  message: 'Error send_message_group axios SUBMIT_GROUP_CHAT : AxiosError: Request failed with status code 500',
  level: 'error',
  service: 'user-service',
  timestamp: '2022-11-15T18:24:45.939Z'
}
{
  message: 'Error send_message_group axios SUBMIT_GROUP_CHAT : AxiosError: Request failed with status code 500',
  level: 'error',
  service: 'user-service',
  timestamp: '2022-11-15T18:24:45.954Z'
}
{
  message: 'Error send_message_group axios SUBMIT_GROUP_CHAT : AxiosError: Request failed with status code 500',
  level: 'error',
  service: 'user-service',
  timestamp: '2022-11-15T18:24:45.969Z'
}
{
  message: 'Error send_message_group axios SUBMIT_GROUP_CHAT : AxiosError: Request failed with status code 500',
  level: 'error',
  service: 'user-service',
  timestamp: '2022-11-15T18:24:45.983Z'
}
{
  message: 'Error send_message_group axios SUBMIT_GROUP_CHAT : AxiosError: Request failed with status code 500',
  level: 'error',
  service: 'user-service',
  timestamp: '2022-11-15T18:24:46.950Z'
}
{
  message: 'Error send_message_group axios SUBMIT_GROUP_CHAT : AxiosError: Request failed with status code 500',
  level: 'error',
  service: 'user-service',
  timestamp: '2022-11-15T18:25:24.879Z'
}
{
  message: 'Error send_message_group axios SUBMIT_GROUP_CHAT : AxiosError: Request failed with status code 500',
  level: 'error',
  service: 'user-service',
  timestamp: '2022-11-15T18:25:54.420Z'
}
{
  message: "Error send_message axios: TypeError: Cannot read property 'socketId' of undefined",
  level: 'error',
  service: 'user-service',
  timestamp: '2022-12-03T15:43:45.307Z'
}
{
  message: 'Error Message : [object Object]',
  level: 'error',
  service: 'user-service',
  timestamp: '2022-12-03T15:43:45.309Z'
}
{
  message: "Error send_message axios: TypeError: Cannot read property 'socketId' of undefined",
  level: 'error',
  service: 'user-service',
  timestamp: '2022-12-03T15:43:45.311Z'
}
{
  message: 'Error Message : [object Object]',
  level: 'error',
  service: 'user-service',
  timestamp: '2022-12-03T15:43:45.313Z'
}
{
  message: "Error send_message axios: TypeError: Cannot read property 'socketId' of undefined",
  level: 'error',
  service: 'user-service',
  timestamp: '2022-12-03T15:43:45.354Z'
}
{
  message: 'Error Message : [object Object]',
  level: 'error',
  service: 'user-service',
  timestamp: '2022-12-03T15:43:45.355Z'
}
{
  message: "Error send_message axios: TypeError: Cannot read property 'socketId' of undefined",
  level: 'error',
  service: 'user-service',
  timestamp: '2022-12-03T15:43:45.362Z'
}
{
  message: 'Error Message : [object Object]',
  level: 'error',
  service: 'user-service',
  timestamp: '2022-12-03T15:43:45.362Z'
}
{
  message: "Error send_message axios: TypeError: Cannot read property 'socketId' of undefined",
  level: 'error',
  service: 'user-service',
  timestamp: '2022-12-03T15:43:45.419Z'
}
{
  message: 'Error Message : [object Object]',
  level: 'error',
  service: 'user-service',
  timestamp: '2022-12-03T15:43:45.420Z'
}
{
  message: "Error send_message axios: TypeError: Cannot read property 'socketId' of undefined",
  level: 'error',
  service: 'user-service',
  timestamp: '2022-12-03T15:45:24.374Z'
}
{
  message: 'Error Message : [object Object]',
  level: 'error',
  service: 'user-service',
  timestamp: '2022-12-03T15:45:24.374Z'
}
{
  message: "Error send_message axios: TypeError: Cannot read property 'socketId' of undefined",
  level: 'error',
  service: 'user-service',
  timestamp: '2022-12-03T15:45:24.406Z'
}
{
  message: 'Error Message : [object Object]',
  level: 'error',
  service: 'user-service',
  timestamp: '2022-12-03T15:45:24.406Z'
}
{
  message: "Error send_message axios: TypeError: Cannot read property 'socketId' of undefined",
  level: 'error',
  service: 'user-service',
  timestamp: '2022-12-03T15:45:24.485Z'
}
{
  message: 'Error Message : [object Object]',
  level: 'error',
  service: 'user-service',
  timestamp: '2022-12-03T15:45:24.486Z'
}
{
  message: "Error send_message axios: TypeError: Cannot read property 'socketId' of undefined",
  level: 'error',
  service: 'user-service',
  timestamp: '2022-12-03T15:45:24.497Z'
}
{
  message: 'Error Message : [object Object]',
  level: 'error',
  service: 'user-service',
  timestamp: '2022-12-03T15:45:24.498Z'
}
{
  message: "Error send_message axios: TypeError: Cannot read property 'socketId' of undefined",
  level: 'error',
  service: 'user-service',
  timestamp: '2022-12-03T15:45:25.447Z'
}
{
  message: 'Error Message : [object Object]',
  level: 'error',
  service: 'user-service',
  timestamp: '2022-12-03T15:45:25.448Z'
}
{
  message: "Error send_message axios: TypeError: Cannot read property 'socketId' of undefined",
  level: 'error',
  service: 'user-service',
  timestamp: '2022-12-03T15:46:05.610Z'
}
{
  message: 'Error Message : [object Object]',
  level: 'error',
  service: 'user-service',
  timestamp: '2022-12-03T15:46:05.611Z'
}
{
  message: "Error send_message axios: TypeError: Cannot read property 'socketId' of undefined",
  level: 'error',
  service: 'user-service',
  timestamp: '2022-12-03T15:46:05.628Z'
}
{
  message: 'Error Message : [object Object]',
  level: 'error',
  service: 'user-service',
  timestamp: '2022-12-03T15:46:05.628Z'
}
{
  message: "Error send_message axios: TypeError: Cannot read property 'socketId' of undefined",
  level: 'error',
  service: 'user-service',
  timestamp: '2022-12-03T15:46:05.674Z'
}
{
  message: 'Error Message : [object Object]',
  level: 'error',
  service: 'user-service',
  timestamp: '2022-12-03T15:46:05.675Z'
}
{
  message: "Error send_message axios: TypeError: Cannot read property 'socketId' of undefined",
  level: 'error',
  service: 'user-service',
  timestamp: '2022-12-03T15:46:06.158Z'
}
{
  message: 'Error Message : [object Object]',
  level: 'error',
  service: 'user-service',
  timestamp: '2022-12-03T15:46:06.159Z'
}
{
  message: "Error send_message axios: TypeError: Cannot read property 'socketId' of undefined",
  level: 'error',
  service: 'user-service',
  timestamp: '2022-12-03T15:46:06.554Z'
}
{
  message: 'Error Message : [object Object]',
  level: 'error',
  service: 'user-service',
  timestamp: '2022-12-03T15:46:06.554Z'
}
{
  message: "Error send_message axios: TypeError: Cannot read property 'socketId' of undefined",
  level: 'error',
  service: 'user-service',
  timestamp: '2022-12-03T15:47:06.135Z'
}
{
  message: 'Error Message : [object Object]',
  level: 'error',
  service: 'user-service',
  timestamp: '2022-12-03T15:47:06.139Z'
}
{
  message: "Error send_message axios: TypeError: Cannot read property 'socketId' of undefined",
  level: 'error',
  service: 'user-service',
  timestamp: '2022-12-03T15:47:06.144Z'
}
{
  message: 'Error Message : [object Object]',
  level: 'error',
  service: 'user-service',
  timestamp: '2022-12-03T15:47:06.145Z'
}
{
  message: "Error send_message axios: TypeError: Cannot read property 'socketId' of undefined",
  level: 'error',
  service: 'user-service',
  timestamp: '2022-12-03T15:47:06.178Z'
}
{
  message: 'Error Message : [object Object]',
  level: 'error',
  service: 'user-service',
  timestamp: '2022-12-03T15:47:06.180Z'
}
{
  message: "Error send_message axios: TypeError: Cannot read property 'socketId' of undefined",
  level: 'error',
  service: 'user-service',
  timestamp: '2022-12-03T15:47:06.210Z'
}
{
  message: 'Error Message : [object Object]',
  level: 'error',
  service: 'user-service',
  timestamp: '2022-12-03T15:47:06.216Z'
}
{
  message: "Error send_message axios: TypeError: Cannot read property 'socketId' of undefined",
  level: 'error',
  service: 'user-service',
  timestamp: '2022-12-03T15:47:07.351Z'
}
{
  message: 'Error Message : [object Object]',
  level: 'error',
  service: 'user-service',
  timestamp: '2022-12-03T15:47:07.354Z'
}
